2026-06-10T14:22:12Z ##[group]Run actions/checkout@v4
2026-06-10T14:22:12Z Syncing repository: al-kutub/a-forgeb
2026-06-10T14:22:13Z ##[endgroup]
2026-06-10T14:22:13Z ##[group]Run pnpm/action-setup@v4
2026-06-10T14:22:13Z Installing pnpm v9.12.0
2026-06-10T14:22:14Z ##[endgroup]
2026-06-10T14:22:14Z ##[group]Install dependencies
2026-06-10T14:22:14Z + pnpm install --frozen-lockfile
2026-06-10T14:22:15Z Lockfile is up to date, resolution step is skipped
2026-06-10T14:22:16Z Progress: resolved 1, reused 0, downloaded 0, added 0
2026-06-10T14:22:18Z Progress: resolved 42, reused 38, downloaded 2, added 0
2026-06-10T14:22:21Z Progress: resolved 128, reused 120, downloaded 4, added 0
2026-06-10T14:22:25Z GET https://npm.pkg.github.com/download/@forgeb/private-sdk/2.4.1/abc123 - pending
2026-06-10T14:22:35Z GET https://npm.pkg.github.com/download/@forgeb/private-sdk/2.4.1/abc123 - pending
2026-06-10T14:22:45Z GET https://npm.pkg.github.com/download/@forgeb/private-sdk/2.4.1/abc123 - pending
2026-06-10T14:23:05Z GET https://npm.pkg.github.com/download/@forgeb/private-sdk/2.4.1/abc123 - pending
2026-06-10T14:23:35Z GET https://npm.pkg.github.com/download/@forgeb/private-sdk/2.4.1/abc123 - pending
2026-06-10T14:24:15Z GET https://npm.pkg.github.com/download/@forgeb/private-sdk/2.4.1/abc123 - pending
2026-06-10T14:25:15Z GET https://npm.pkg.github.com/download/@forgeb/private-sdk/2.4.1/abc123 - pending
2026-06-10T14:26:15Z GET https://npm.pkg.github.com/download/@forgeb/private-sdk/2.4.1/abc123 - pending
2026-06-10T14:27:14Z ##[error]npm ERR! code ETIMEDOUT
2026-06-10T14:27:14Z ##[error]npm ERR! errno ETIMEDOUT
2026-06-10T14:27:14Z ##[error]npm ERR! network request to https://npm.pkg.github.com/download/@forgeb/private-sdk/-/private-sdk-2.4.1.tgz failed, reason: connect ETIMEDOUT 140.82.121.4:443
2026-06-10T14:27:14Z ##[error]npm ERR! network This is a problem related to network connectivity.
2026-06-10T14:27:14Z ##[error]npm ERR! network In most cases you are behind a proxy or have bad network settings.
2026-06-10T14:27:14Z ##[error]Install dependencies stage failed after 300001ms (timeout 300000ms)
2026-06-10T14:27:14Z ##[error]Process completed with exit code 1.
